<?xml version="1.0" encoding="UTF-8"?>
<!-- Generated by org.testng.reporters.JUnitReportReporter -->
<testsuite ignored="0" hostname="DESKTOP-FSPHPC9" failures="0" tests="2" name="runner.TestNG" time="13.146" errors="0" timestamp="12 Mar 2021 11:57:31 GMT" skipped="0">
  <testcase classname="runner.TestNG" name="testRunner" time="6.545"/>
  <testcase classname="runner.TestNG" name="testRunner" time="6.601"/>
</testsuite> <!-- runner.TestNG -->
