<?xml version="1.0" encoding="UTF-8"?>
<!-- Generated by org.testng.reporters.JUnitReportReporter -->
<testsuite ignored="0" hostname="DESKTOP-FSPHPC9" failures="0" tests="2" name="runner.gmail" time="0.017" errors="0" timestamp="15 Mar 2021 16:04:17 GMT" skipped="0">
  <testcase classname="runner.gmail" name="checkGmail3" time="0.002"/>
  <testcase classname="runner.gmail" name="checkGmail2" time="0.015"/>
</testsuite> <!-- runner.gmail -->
