<?xml version="1.0" encoding="UTF-8"?>
<!-- Generated by org.testng.reporters.JUnitReportReporter -->
<testsuite ignored="0" hostname="DESKTOP-FSPHPC9" failures="0" tests="4" name="runner.gmail3" time="0.017" errors="0" timestamp="15 Mar 2021 16:49:51 GMT" skipped="0">
  <testcase classname="runner.gmail3" name="arrayLoop" time="0.013"/>
  <testcase classname="runner.gmail3" name="switchInt" time="0.001"/>
  <testcase classname="runner.gmail3" name="swithStrign" time="0.002"/>
  <testcase classname="runner.gmail3" name="ckeckInt" time="0.001"/>
</testsuite> <!-- runner.gmail3 -->
